Старт ЛР15: Command + Chain of Responsibility + Visitor

[ASSISTANT]: Голосовой ассистент запущен
Введите текст: ''
[CHAIN] EmptyTextHandler: пустой запрос, итерация пропущена
Введите текст: 'ПРИВЕТ   '
[CHAIN] LowercaseHandler: 'ПРИВЕТ' -> 'привет'
[CHAIN] LoggingHandler: текст принят к разбору: 'привет'
[USER]: привет
[ASSISTANT]: Wikipedia summary for привет
Введите текст: 'включи музыку'
[CHAIN] LoggingHandler: текст принят к разбору: 'включи музыку'
[USER]: включи музыку
Proxy: проверка прав...
Некоторые функции этого сервиса в режиме оффлайн могут быть недоступны.
Spotify: play spotify_track_1
[ASSISTANT]: Воспроизвожу музыку
Введите текст: 'громкость 7'
[CHAIN] LoggingHandler: текст принят к разбору: 'громкость 7'
[USER]: громкость 7
vol 7
[ASSISTANT]: Громкость установлена: 7
Введите текст: 'новости IT'
[CHAIN] LowercaseHandler: 'новости IT' -> 'новости it'
[CHAIN] LoggingHandler: текст принят к разбору: 'новости it'
[USER]: новости it
[ASSISTANT]: Новостей нет
Введите текст: 'расскажи про OOP'
[CHAIN] LowercaseHandler: 'расскажи про OOP' -> 'расскажи про oop'
[CHAIN] LoggingHandler: текст принят к разбору: 'расскажи про oop'
[USER]: расскажи про oop
[ASSISTANT]: Wikipedia summary for расскажи про oop
Введите текст: 'выключись'
[CHAIN] LoggingHandler: текст принят к разбору: 'выключись'
[USER]: выключись
[ASSISTANT]: Завершение работы

=== Обход истории команд визиторами (Visitor) ===
[STATS] music=1, volume=1, info=2, news=1, exit=1, unknown=0
[LOG] Журнал команд сеанса:
  1. info: query='привет'
  2. music: query='включи музыку', track=spotify_track_1
  3. volume: level=7
  4. news: topic='it'
  5. info: query='расскажи про oop'
  6. exit: завершение работы
[UNKNOWN] нераспознанных команд не было
